[0.007s] Invoking command in '/home/daniel/git/Robotics2/src/picasso_ui/build/testui': /usr/bin/cmake --build /home/daniel/git/Robotics2/src/picasso_ui/build/testui -- -j16 -l16
[0.025s] -- Found ament_cmake: 1.3.11 (/opt/ros/humble/share/ament_cmake/cmake)
[0.127s] -- Found rclcpp: 16.0.12 (/opt/ros/humble/share/rclcpp/cmake)
[0.147s] -- Found rosidl_generator_c: 3.1.6 (/opt/ros/humble/share/rosidl_generator_c/cmake)
[0.149s] -- Found rosidl_adapter: 3.1.6 (/opt/ros/humble/share/rosidl_adapter/cmake)
[0.153s] -- Found rosidl_generator_cpp: 3.1.6 (/opt/ros/humble/share/rosidl_generator_cpp/cmake)
[0.158s] -- Using all available rosidl_typesupport_c: rosidl_typesupport_fastrtps_c;rosidl_typesupport_introspection_c
[0.166s] -- Using all available rosidl_typesupport_cpp: rosidl_typesupport_fastrtps_cpp;rosidl_typesupport_introspection_cpp
[0.187s] -- Found rmw_implementation_cmake: 6.1.2 (/opt/ros/humble/share/rmw_implementation_cmake/cmake)
[0.187s] -- Found rmw_fastrtps_cpp: 6.2.7 (/opt/ros/humble/share/rmw_fastrtps_cpp/cmake)
[0.257s] -- Using RMW implementation 'rmw_fastrtps_cpp' as default
[0.294s] -- Configuring done
[0.310s] -- Generating done
[0.312s] -- Build files have been written to: /home/daniel/git/Robotics2/src/picasso_ui/build/testui
[0.340s] [ 16%] [34m[1mAutomatic MOC and UIC for target testui[0m
[0.363s] [ 16%] Built target testui_autogen
[0.381s] [35m[1mConsolidate compiler generated dependencies of target testui[0m
[0.404s] [ 33%] [32m[1mLinking CXX executable testui[0m
[0.420s] /usr/bin/ld: cannot find -lrclcpp: No such file or directory
[0.675s] collect2: error: ld returned 1 exit status
[0.676s] gmake[2]: *** [CMakeFiles/testui.dir/build.make:201: testui] Error 1
[0.676s] gmake[1]: *** [CMakeFiles/Makefile2:138: CMakeFiles/testui.dir/all] Error 2
[0.676s] gmake: *** [Makefile:101: all] Error 2
[0.679s] Invoked command in '/home/daniel/git/Robotics2/src/picasso_ui/build/testui' returned '2': /usr/bin/cmake --build /home/daniel/git/Robotics2/src/picasso_ui/build/testui -- -j16 -l16
