[ 16%] [34m[1mAutomatic MOC and UIC for target testui[0m
[ 16%] Built target testui_autogen
[ 33%] [32m[1mLinking CXX executable testui[0m
/usr/bin/ld: cannot find -lrclcpp: No such file or directory
collect2: error: ld returned 1 exit status
gmake[2]: *** [CMakeFiles/testui.dir/build.make:201: testui] Error 1
gmake[1]: *** [CMakeFiles/Makefile2:138: CMakeFiles/testui.dir/all] Error 2
gmake: *** [Makefile:101: all] Error 2
