[0.008s] Invoking command in '/home/daniel/git/Robotics2/src/picasso_ui/build/testui': /usr/bin/cmake --build /home/daniel/git/Robotics2/src/picasso_ui/build/testui -- -j16 -l16
[0.059s] [ 16%] [34m[1mAutomatic MOC and UIC for target testui[0m
[0.077s] [ 16%] Built target testui_autogen
[0.119s] [ 33%] [32m[1mLinking CXX executable testui[0m
[0.137s] /usr/bin/ld: cannot find -lrclcpp: No such file or directory
[0.378s] collect2: error: ld returned 1 exit status
[0.379s] gmake[2]: *** [CMakeFiles/testui.dir/build.make:201: testui] Error 1
[0.379s] gmake[1]: *** [CMakeFiles/Makefile2:138: CMakeFiles/testui.dir/all] Error 2
[0.379s] gmake: *** [Makefile:101: all] Error 2
[0.381s] Invoked command in '/home/daniel/git/Robotics2/src/picasso_ui/build/testui' returned '2': /usr/bin/cmake --build /home/daniel/git/Robotics2/src/picasso_ui/build/testui -- -j16 -l16
