[0.007s] Invoking command in '/home/daniel/git/Robotics2/src/picasso_ui/build/testui': /usr/bin/cmake /home/daniel/git/Robotics2/src/picasso_ui/testui -DCMAKE_INSTALL_PREFIX=/home/daniel/git/Robotics2/src/picasso_ui/install/testui
[0.014s] -- Found ament_cmake: 1.3.11 (/opt/ros/humble/share/ament_cmake/cmake)
[0.103s] -- Found rclcpp: 16.0.12 (/opt/ros/humble/share/rclcpp/cmake)
[0.121s] -- Found rosidl_generator_c: 3.1.6 (/opt/ros/humble/share/rosidl_generator_c/cmake)
[0.123s] -- Found rosidl_adapter: 3.1.6 (/opt/ros/humble/share/rosidl_adapter/cmake)
[0.126s] -- Found rosidl_generator_cpp: 3.1.6 (/opt/ros/humble/share/rosidl_generator_cpp/cmake)
[0.132s] -- Using all available rosidl_typesupport_c: rosidl_typesupport_fastrtps_c;rosidl_typesupport_introspection_c
[0.140s] -- Using all available rosidl_typesupport_cpp: rosidl_typesupport_fastrtps_cpp;rosidl_typesupport_introspection_cpp
[0.160s] -- Found rmw_implementation_cmake: 6.1.2 (/opt/ros/humble/share/rmw_implementation_cmake/cmake)
[0.161s] -- Found rmw_fastrtps_cpp: 6.2.7 (/opt/ros/humble/share/rmw_fastrtps_cpp/cmake)
[0.238s] -- Using RMW implementation 'rmw_fastrtps_cpp' as default
[0.275s] -- Configuring done
[0.297s] -- Generating done
[0.299s] -- Build files have been written to: /home/daniel/git/Robotics2/src/picasso_ui/build/testui
[0.305s] Invoked command in '/home/daniel/git/Robotics2/src/picasso_ui/build/testui' returned '0': /usr/bin/cmake /home/daniel/git/Robotics2/src/picasso_ui/testui -DCMAKE_INSTALL_PREFIX=/home/daniel/git/Robotics2/src/picasso_ui/install/testui
[0.307s] Invoking command in '/home/daniel/git/Robotics2/src/picasso_ui/build/testui': /usr/bin/cmake --build /home/daniel/git/Robotics2/src/picasso_ui/build/testui -- -j16 -l16
[0.366s] [ 16%] [34m[1mAutomatic MOC and UIC for target testui[0m
[0.742s] [ 16%] Built target testui_autogen
[0.751s] [ 33%] [34m[1mGenerating ui_mainwindow.h[0m
[0.778s] [ 50%] [32mBuilding CXX object CMakeFiles/testui.dir/mainwindow.cpp.o[0m
[0.778s] [ 66%] [32mBuilding CXX object CMakeFiles/testui.dir/testui_autogen/mocs_compilation.cpp.o[0m
[0.779s] [ 83%] [32mBuilding CXX object CMakeFiles/testui.dir/main.cpp.o[0m
[4.485s] [100%] [32m[1mLinking CXX executable testui[0m
[4.499s] /usr/bin/ld: cannot find -lrclcpp: No such file or directory
[4.499s] /usr/bin/ld: cannot find -lstd_msgs: No such file or directory
[4.753s] collect2: error: ld returned 1 exit status
[4.754s] gmake[2]: *** [CMakeFiles/testui.dir/build.make:201: testui] Error 1
[4.755s] gmake[1]: *** [CMakeFiles/Makefile2:138: CMakeFiles/testui.dir/all] Error 2
[4.755s] gmake: *** [Makefile:101: all] Error 2
[4.757s] Invoked command in '/home/daniel/git/Robotics2/src/picasso_ui/build/testui' returned '2': /usr/bin/cmake --build /home/daniel/git/Robotics2/src/picasso_ui/build/testui -- -j16 -l16
